Starting Dependency Analysis with 8 rules.
[MultiDependency] Computing dependency atoms:
0 0 0 0 0 0 0 0    | createAccount
0 0 0 0 0 0 0 0    | deleteAccount
1 1 0 1 0 0 1 0    | assignManagerToAClient
0 0 0 0 0 0 0 0    | removeManagerFromClient
0 1 0 0 1 0 0 0    | moveAccountFromOneClientToAnother
0 0 0 0 0 0 0 0    | deleteInactiveClient
0 0 0 0 0 0 0 0    | deleteManager
1 0 1 1 1 1 1 0    | createAClientWithAnAccAndManager

[MultiDependency] Computing binary granularity:
0 0 0 0 0 0 0 0    | createAccount
0 0 0 0 0 0 0 0    | deleteAccount
1 1 0 1 0 0 1 0    | assignManagerToAClient
0 0 0 0 0 0 0 0    | removeManagerFromClient
0 1 0 0 1 0 0 0    | moveAccountFromOneClientToAnother
0 0 0 0 0 0 0 0    | deleteInactiveClient
0 0 0 0 0 0 0 0    | deleteManager
1 0 1 1 1 1 1 0    | createAClientWithAnAccAndManager

[MultiDependency] Computing minimal dependency reasons:
0 0 0 0 0 0 0 0    | createAccount
0 0 0 0 0 0 0 0    | deleteAccount
1 1 0 1 0 0 1 0    | assignManagerToAClient
0 0 0 0 0 0 0 0    | removeManagerFromClient
0 1 0 0 1 0 0 0    | moveAccountFromOneClientToAnother
0 0 0 0 0 0 0 0    | deleteInactiveClient
0 0 0 0 0 0 0 0    | deleteManager
1 0 1 1 1 1 1 0    | createAClientWithAnAccAndManager

[MultiDependency] Computing initial dependency reasons:
0 0 0 0 0 0 0 0    | createAccount
0 0 0 0 0 0 0 0    | deleteAccount
1 1 0 1 0 0 1 0    | assignManagerToAClient
0 0 0 0 0 0 0 0    | removeManagerFromClient
0 1 0 0 1 0 0 0    | moveAccountFromOneClientToAnother
0 0 0 0 0 0 0 0    | deleteInactiveClient
0 0 0 0 0 0 0 0    | deleteManager
1 0 1 1 1 1 1 0    | createAClientWithAnAccAndManager

