122 26 22 41 7 21 4    | createAccount
5 21 4 6 13 10 3    | deleteAccount
3 3 3 4 2 6 3    | assignManagerToAClient
6 5 2 4 3 9 2    | removeManagerFromClient
3 11 3 3 4 3 3    | moveAccountFromOneClientToAnother
9 8 4 6 2 11 5    | deleteManager
3 3 3 2 2 4 4    | createAClientWithAnAccAndManager

7 3 3 4 3 9 2    | createAccount
3 17 4 4 8 6 2    | deleteAccount
2 3 4 3 3 3 1    | assignManagerToAClient
3 5 2 5 2 8 2    | removeManagerFromClient
1 7 2 1 4 2 3    | moveAccountFromOneClientToAnother
8 8 5 8 1 16 4    | deleteManager
1 1 1 2 1 3 2    | createAClientWithAnAccAndManager

3 2 2 2 2 6 2    | createAccount
3 15 2 3 9 7 2    | deleteAccount
2 2 1 2 2 3 2    | assignManagerToAClient
3 5 1 4 1 6 2    | removeManagerFromClient
1 7 1 2 5 2 2    | moveAccountFromOneClientToAnother
6 7 3 5 2 8 3    | deleteManager
2 1 2 1 14 2 1    | createAClientWithAnAccAndManager

