100 11 13 45 9 14 23 7 10 6 6    | createAccount
6 25 4 6 14 6 6 2 3 4 3    | deleteAccount
4 4 2 3 3 7 4 2 3 3 2    | assignManagerToAClient
5 7 3 6 3 4 11 4 3 3 2    | removeManagerFromClient
4 13 3 3 5 5 3 2 4 3 2    | moveAccountFromOneClientToAnother
8 8 6 4 7 9 4 2 3 2 2    | deleteInactiveClient
9 9 5 8 2 3 15 5 2 5 1    | deleteManager
5 5 4 2 4 2 7 2 7 5 4    | createAClientWithAnAccAndManager
3 2 2 3 3 2 2 7 31 6 4    | deleteAccount
3 5 2 4 2 2 3 2 2 2 2    | removeManagerFromClient
3 2 2 2 2 1 3 2 2 2 14    | deleteInactiveClient

5 1 1 2 1 2 4 3 2 2 1    | createAccount
2 15 2 3 7 3 7 2 3 2 2    | deleteAccount
3 2 1 1 1 3 2 1 3 1 2    | assignManagerToAClient
4 3 2 5 1 3 7 3 2 2 1    | removeManagerFromClient
2 9 2 5 5 4 2 3 2 3 2    | moveAccountFromOneClientToAnother
3 7 4 2 4 8 2 1 2 2 1    | deleteInactiveClient
5 6 6 17 2 2 9 4 2 2 2    | deleteManager
3 1 1 1 0 1 2 1 3 1 1    | createAClientWithAnAccAndManager
2 2 2 2 4 2 3 2 24 2 2    | deleteAccount
2 2 1 1 2 2 2 2 4 4 6    | removeManagerFromClient
2 2 2 1 4 1 1 0 2 4 5    | deleteInactiveClient

4 2 1 3 2 3 5 2 2 1 2    | createAccount
1 14 1 5 12 4 6 2 2 2 3    | deleteAccount
2 1 2 3 1 4 3 2 1 1 1    | assignManagerToAClient
4 3 2 4 3 2 6 2 2 4 1    | removeManagerFromClient
1 9 2 3 5 4 3 1 2 2 2    | moveAccountFromOneClientToAnother
3 4 4 3 4 6 3 2 2 2 3    | deleteInactiveClient
6 6 3 8 1 1 6 4 2 1 1    | deleteManager
1 1 1 1 1 1 3 1 1 1 2    | createAClientWithAnAccAndManager
2 3 1 1 2 2 2 2 11 3 2    | deleteAccount
2 2 2 2 2 2 1 2 4 3 2    | removeManagerFromClient
2 1 1 2 1 1 0 1 1 2 3    | deleteInactiveClient

