65 11 10 31 7 12 18 5    | createAccount
6 23 5 7 14 6 7 3    | deleteAccount
2 4 2 2 3 8 5 2    | assignManagerToAClient
5 5 3 5 3 4 10 4    | removeManagerFromClient
3 10 3 2 4 5 2 3    | moveAccountFromOneClientToAnother
4 5 4 3 5 6 3 2    | deleteInactiveClient
7 8 3 6 3 3 12 3    | deleteManager
3 2 2 3 2 2 4 2    | createAClientWithAnAccAndManager

6 3 2 3 2 3 7 3    | createAccount
3 13 2 3 10 3 5 2    | deleteAccount
4 2 2 2 2 4 3 2    | assignManagerToAClient
4 5 3 7 2 3 9 2    | removeManagerFromClient
2 17 2 2 5 3 13 2    | moveAccountFromOneClientToAnother
3 2 4 3 7 7 3 3    | deleteInactiveClient
6 6 4 9 2 3 9 5    | deleteManager
2 2 2 1 2 2 3 1    | createAClientWithAnAccAndManager

3 3 2 4 5 5 5 5    | createAccount
6 21 2 4 7 4 3 2    | deleteAccount
2 2 2 1 2 3 3 2    | assignManagerToAClient
2 3 1 5 2 3 7 3    | removeManagerFromClient
2 8 3 2 5 4 3 2    | moveAccountFromOneClientToAnother
3 4 4 2 3 6 2 2    | deleteInactiveClient
5 5 4 6 1 3 7 3    | deleteManager
1 2 1 2 1 1 3 2    | createAClientWithAnAccAndManager

