46 5 5 3 4 4 6 3    | createAccount
3 26 4 3 7 3 2 3    | deleteAccount
3 3 1 2 3 2 1 1    | assignManagerToAClient
4 6 3 4 1 2 4 3    | removeManagerFromClient
2 4 3 2 3 2 7 2    | moveAccountFromOneClientToAnother
4 4 3 3 4 3 3 2    | deleteInactiveClient
5 8 3 5 2 2 13 3    | deleteManager
2 2 3 2 2 3 2 1    | createAClientWithAnAccAndManager

4 2 2 10 2 2 4 2    | createAccount
2 8 3 2 9 3 2 2    | deleteAccount
2 2 1 1 1 1 2 2    | assignManagerToAClient
3 3 2 3 2 1 2 1    | removeManagerFromClient
2 2 1 1 2 1 13 1    | moveAccountFromOneClientToAnother
2 2 2 2 3 3 2 1    | deleteInactiveClient
3 4 3 4 1 1 2 1    | deleteManager
1 1 5 1 1 1 1 1    | createAClientWithAnAccAndManager

2 1 1 2 1 1 1 1    | createAccount
2 6 2 2 5 2 2 2    | deleteAccount
1 1 1 1 4 2 3 1    | assignManagerToAClient
3 2 1 3 2 1 2 1    | removeManagerFromClient
1 3 1 2 3 1 1 1    | moveAccountFromOneClientToAnother
2 2 3 2 3 2 1 1    | deleteInactiveClient
4 4 2 4 1 1 5 3    | deleteManager
1 2 1 1 1 1 1 1    | createAClientWithAnAccAndManager

