60 8 4 6 5 6 5 4    | createAccount
5 39 5 5 13 3 4 3    | deleteAccount
3 4 2 2 2 2 3 3    | assignManagerToAClient
5 12 5 15 5 3 5 3    | removeManagerFromClient
3 6 4 3 5 3 3 2    | moveAccountFromOneClientToAnother
5 5 5 2 4 3 3 2    | deleteInactiveClient
6 8 4 7 3 2 7 3    | deleteManager
2 3 2 3 2 1 1 2    | createAClientWithAnAccAndManager

6 3 3 2 2 2 2 3    | createAccount
2 11 3 3 9 2 3 2    | deleteAccount
1 2 3 2 2 2 5 1    | assignManagerToAClient
5 5 2 5 2 2 6 2    | removeManagerFromClient
3 5 2 4 5 2 14 2    | moveAccountFromOneClientToAnother
3 5 4 2 6 4 2 2    | deleteInactiveClient
9 10 6 8 2 2 9 4    | deleteManager
2 2 2 2 2 2 2 9    | createAClientWithAnAccAndManager

5 3 2 2 2 2 2 2    | createAccount
2 7 2 3 7 2 1 2    | deleteAccount
3 2 2 2 2 2 2 2    | assignManagerToAClient
4 3 1 2 2 1 3 1    | removeManagerFromClient
1 3 1 2 4 2 1 1    | moveAccountFromOneClientToAnother
2 2 5 2 4 3 3 2    | deleteInactiveClient
5 6 5 5 1 1 5 3    | deleteManager
1 1 1 2 2 1 1 1    | createAClientWithAnAccAndManager

