Starting CDA with 5 rules.
[MultiCDA] Computing conflict atoms:
0 0 0 0 0    | createAccount
0 0 0 0 0    | transferMoney
0 1 1 0 0    | deleteAllAccounts
0 0 0 0 0    | AssignManagerToAClient
1 0 1 0 1    | RemoveManagerFromClient

[MultiCDA] Computing binary granularity:
0 0 0 0 0    | createAccount
0 0 0 0 0    | transferMoney
0 1 1 0 0    | deleteAllAccounts
0 0 0 0 0    | AssignManagerToAClient
1 0 1 0 1    | RemoveManagerFromClient

[MultiCDA] Computing minimal conflict reasons:
0 0 0 0 0    | createAccount
0 0 0 0 0    | transferMoney
0 1 1 0 0    | deleteAllAccounts
0 0 0 0 0    | AssignManagerToAClient
1 0 1 0 1    | RemoveManagerFromClient

[MultiCDA] Computing initial conflict reasons:
0 0 0 0 0    | createAccount
0 0 0 0 0    | transferMoney
0 1 1 0 0    | deleteAllAccounts
0 0 0 0 0    | AssignManagerToAClient
1 0 1 0 1    | RemoveManagerFromClient

