Starting CDA with 6 rules.
59 6 5 5 5 4    | createAccount
6 37 5 3 12 3    | deleteAccount
4 4 3 3 3 2    | assignManagerToAClient
4 4 3 4 3 2    | removeManagerFromClient
3 4 2 3 4 3    | moveAccountFromOneClientToAnother
4 4 4 3 6 4    | deleteInactiveClient

7 7 3 4 3 2    | createAccount
3 12 3 3 11 4    | deleteAccount
5 3 5 4 2 3    | assignManagerToAClient
6 5 3 4 3 3    | removeManagerFromClient
2 3 2 2 4 2    | moveAccountFromOneClientToAnother
3 3 2 3 5 3    | deleteInactiveClient

6 2 1 1 1 1    | createAccount
3 10 2 3 8 1    | deleteAccount
1 2 2 3 2 2    | assignManagerToAClient
4 4 3 3 2 2    | removeManagerFromClient
3 5 2 1 2 1    | moveAccountFromOneClientToAnother
2 3 5 3 6 3    | deleteInactiveClient

2 1 3 2 2 2    | createAccount
2 9 4 2 7 2    | deleteAccount
2 3 9 2 2 2    | assignManagerToAClient
3 5 1 3 3 2    | removeManagerFromClient
3 4 1 2 4 1    | moveAccountFromOneClientToAnother
3 3 3 2 6 3    | deleteInactiveClient

