Starting CDA with 5 rules.
33 5 4 4 3    | createAccount
2 3 4 3 3    | transferMoney
6 16 11 2 3    | deleteAllAccounts
2 2 2 1 3    | AssignManagerToAClient
3 1 3 1 3    | RemoveManagerFromClient

1 2 3 2 2    | createAccount
2 2 3 2 2    | transferMoney
2 2 7 3 2    | deleteAllAccounts
3 2 2 2 2    | AssignManagerToAClient
3 2 3 2 2    | RemoveManagerFromClient

5 3 2 1 1    | createAccount
2 2 2 2 1    | transferMoney
3 2 7 2 1    | deleteAllAccounts
1 1 2 2 1    | AssignManagerToAClient
2 2 3 2 3    | RemoveManagerFromClient

2 1 2 2 1    | createAccount
2 1 1 1 2    | transferMoney
2 3 4 2 2    | deleteAllAccounts
2 1 2 2 1    | AssignManagerToAClient
2 1 3 2 4    | RemoveManagerFromClient

