Starting CDA with 6 rules.
69 6 4 5 5 3    | createAccount
6 43 4 4 14 4    | deleteAccount
3 4 3 3 4 2    | assignManagerToAClient
6 5 2 3 3 3    | removeManagerFromClient
3 6 3 3 6 2    | moveAccountFromOneClientToAnother
3 3 4 4 6 4    | deleteInactiveClient

4 4 3 3 3 2    | createAccount
3 7 3 3 7 3    | deleteAccount
2 2 2 2 4 3    | assignManagerToAClient
4 3 2 3 3 2    | removeManagerFromClient
3 4 2 2 3 2    | moveAccountFromOneClientToAnother
3 3 4 2 4 3    | deleteInactiveClient

5 3 3 3 2 2    | createAccount
3 9 2 3 9 3    | deleteAccount
2 2 2 2 2 2    | assignManagerToAClient
2 3 1 3 1 2    | removeManagerFromClient
2 4 2 3 5 2    | moveAccountFromOneClientToAnother
3 3 5 3 4 2    | deleteInactiveClient

3 3 2 2 2 2    | createAccount
3 7 2 3 8 1    | deleteAccount
2 2 1 2 9 2    | assignManagerToAClient
3 4 2 3 2 1    | removeManagerFromClient
2 3 1 2 4 2    | moveAccountFromOneClientToAnother
1 2 4 2 4 3    | deleteInactiveClient

