Starting Dependency Analysis with 8 rules.
40 14 4 3 4 3 3 3    | createAccount
4 3 3 3 2 3 2 1    | deleteAccount
8 3 2 2 2 2 2 2    | assignManagerToAClient
2 1 2 2 3 2 3 2    | removeManagerFromClient
3 5 2 2 4 1 2 2    | moveAccountFromOneClientToAnother
2 2 2 2 2 2 2 1    | deleteInactiveClient
2 2 2 2 2 2 1 1    | deleteManager
9 3 3 5 4 2 3 1    | createAClientWithAnAccAndManager

2 2 1 1 2 2 1 2    | createAccount
2 2 1 1 1 2 2 2    | deleteAccount
3 4 1 2 1 1 2 1    | assignManagerToAClient
1 1 0 0 0 1 1 1    | removeManagerFromClient
1 2 1 1 2 2 1 2    | moveAccountFromOneClientToAnother
1 2 1 1 1 1 1 0    | deleteInactiveClient
1 1 1 2 0 0 1 0    | deleteManager
4 3 3 3 2 1 2 0    | createAClientWithAnAccAndManager

3 2 1 1 2 1 1 1    | createAccount
1 0 0 1 1 1 1 2    | deleteAccount
3 2 1 3 0 1 1 0    | assignManagerToAClient
1 1 1 2 1 1 1 1    | removeManagerFromClient
2 1 1 1 2 1 2 1    | moveAccountFromOneClientToAnother
2 0 1 1 1 1 1 1    | deleteInactiveClient
1 1 1 2 1 2 1 1    | deleteManager
5 1 2 4 2 2 3 1    | createAClientWithAnAccAndManager

2 1 2 1 3 1 1 1    | createAccount
1 2 0 1 1 0 1 1    | deleteAccount
3 1 1 2 1 0 2 1    | assignManagerToAClient
1 1 2 0 2 1 2 1    | removeManagerFromClient
1 2 2 0 2 0 0 1    | moveAccountFromOneClientToAnother
0 1 1 0 1 1 1 0    | deleteInactiveClient
1 2 0 0 2 1 1 1    | deleteManager
4 0 2 4 2 2 3 1    | createAClientWithAnAccAndManager

