95 37 11 24 7 16 5    | createAccount
5 6 5 7 4 10 4    | deleteAccount
6 6 4 7 4 13 3    | assignManagerToAClient
4 4 3 5 4 9 4    | removeManagerFromClient
3 13 2 4 6 3 2    | moveAccountFromOneClientToAnother
3 3 3 2 4 3 3    | deleteManager
8 6 4 8 6 12 3    | createAClientWithAnAccAndManager

7 7 4 5 7 14 3    | createAccount
4 5 3 4 4 10 3    | deleteAccount
7 5 2 10 3 11 3    | assignManagerToAClient
3 2 3 3 3 6 3    | removeManagerFromClient
5 11 3 3 7 2 2    | moveAccountFromOneClientToAnother
2 3 2 2 1 1 2    | deleteManager
5 5 5 10 4 16 1    | createAClientWithAnAccAndManager

4 3 2 2 3 6 1    | createAccount
2 3 1 4 2 6 2    | deleteAccount
3 4 1 3 1 7 2    | assignManagerToAClient
1 2 2 1 1 3 1    | removeManagerFromClient
2 9 3 3 5 2 1    | moveAccountFromOneClientToAnother
3 2 2 2 2 1 1    | deleteManager
8 3 5 5 3 7 2    | createAClientWithAnAccAndManager

