Starting Dependency Analysis with 7 rules.
78 33 12 23 9 16 5    | createAccount
4 5 4 6 4 11 4    | deleteAccount
6 5 3 6 3 11 3    | assignManagerToAClient
4 4 3 2 3 8 3    | removeManagerFromClient
4 11 3 3 6 3 3    | moveAccountFromOneClientToAnother
4 4 4 3 3 2 2    | deleteManager
9 6 5 10 6 14 3    | createAClientWithAnAccAndManager

6 5 2 4 4 6 2    | createAccount
3 4 3 4 3 7 2    | deleteAccount
5 4 3 6 2 9 2    | assignManagerToAClient
3 2 2 2 2 4 2    | removeManagerFromClient
2 12 2 2 5 2 3    | moveAccountFromOneClientToAnother
1 2 3 2 2 1 2    | deleteManager
6 4 4 7 4 17 3    | createAClientWithAnAccAndManager

4 5 3 4 3 7 3    | createAccount
2 2 2 3 2 4 2    | deleteAccount
3 3 2 4 2 8 1    | assignManagerToAClient
2 2 2 3 1 3 2    | removeManagerFromClient
2 9 3 2 5 1 3    | moveAccountFromOneClientToAnother
3 2 1 2 2 1 1    | deleteManager
7 4 5 9 5 8 2    | createAClientWithAnAccAndManager

