Starting Dependency Analysis with 8 rules.
65 22 6 6 7 7 5 4    | createAccount
5 6 3 4 4 4 5 4    | deleteAccount
16 5 3 6 3 2 5 2    | assignManagerToAClient
4 4 4 3 3 3 4 3    | removeManagerFromClient
4 6 3 3 4 3 4 2    | moveAccountFromOneClientToAnother
3 3 2 2 2 2 1 2    | deleteInactiveClient
3 3 2 2 2 2 3 2    | deleteManager
15 5 6 8 9 5 10 3    | createAClientWithAnAccAndManager

4 6 3 5 5 3 4 2    | createAccount
4 3 3 3 3 3 2 2    | deleteAccount
5 6 2 3 3 3 5 2    | assignManagerToAClient
2 3 4 2 3 3 4 2    | removeManagerFromClient
2 5 3 2 3 2 3 2    | moveAccountFromOneClientToAnother
2 2 2 1 2 2 3 3    | deleteInactiveClient
2 4 2 4 2 2 2 0    | deleteManager
7 5 4 4 5 3 4 1    | createAClientWithAnAccAndManager

4 2 1 1 2 2 2 7    | createAccount
2 2 2 1 1 1 2 2    | deleteAccount
4 2 1 3 2 2 4 1    | assignManagerToAClient
2 3 2 2 2 2 2 1    | removeManagerFromClient
2 5 2 2 4 2 2 2    | moveAccountFromOneClientToAnother
2 1 1 1 1 1 0 1    | deleteInactiveClient
2 2 1 1 1 2 1 2    | deleteManager
6 3 4 6 5 3 8 2    | createAClientWithAnAccAndManager

3 3 2 2 2 1 2 1    | createAccount
1 2 3 2 2 2 2 2    | deleteAccount
4 4 2 4 2 2 4 2    | assignManagerToAClient
1 2 2 2 2 1 2 1    | removeManagerFromClient
3 4 2 2 3 1 1 2    | moveAccountFromOneClientToAnother
2 2 1 1 1 1 2 1    | deleteInactiveClient
2 2 2 2 2 1 2 1    | deleteManager
5 3 4 7 6 3 6 2    | createAClientWithAnAccAndManager

